# JRE version: Java(TM) SE Runtime Environment (8.0_77-b03) (build 1.8.0_77-b03)
# Java VM: Java HotSpot(TM) 64-Bit Server VM (25.77-b03 mixed mode windows-amd64 compressed oops)
Heap:
 PSYoungGen      total 271360K, used 72540K [0x00000000eab00000, 0x00000000ff300000, 0x0000000100000000)
  eden space 247808K, 29% used [0x00000000eab00000,0x00000000ef1d71d8,0x00000000f9d00000)
  from space 23552K, 0% used [0x00000000f9d00000,0x00000000f9d00000,0x00000000fb400000)
  to   space 44032K, 0% used [0x00000000fc800000,0x00000000fc800000,0x00000000ff300000)
 ParOldGen       total 86528K, used 49908K [0x00000000c0000000, 0x00000000c5480000, 0x00000000eab00000)
  object space 86528K, 57% used [0x00000000c0000000,0x00000000c30bd078,0x00000000c5480000)
 Metaspace       used 65238K, capacity 68322K, committed 69632K, reserved 1110016K
  class space    used 8500K, capacity 9082K, committed 9472K, reserved 1048576K
GC Heap History (10 events):
Event: 2227.571 GC heap before
{Heap before GC invocations=39 (full 7):
 PSYoungGen      total 225792K, used 222722K [0x00000000eab00000, 0x00000000fbc80000, 0x0000000100000000)
  eden space 198656K, 100% used [0x00000000eab00000,0x00000000f6d00000,0x00000000f6d00000)
  from space 27136K, 88% used [0x00000000f6d00000,0x00000000f8480820,0x00000000f8780000)
  to   space 30208K, 0% used [0x00000000f9f00000,0x00000000f9f00000,0x00000000fbc80000)
 ParOldGen       total 86528K, used 30220K [0x00000000c0000000, 0x00000000c5480000, 0x00000000eab00000)
  object space 86528K, 34% used [0x00000000c0000000,0x00000000c1d832f0,0x00000000c5480000)
 Metaspace       used 64607K, capacity 67194K, committed 69120K, reserved 1110016K
  class space    used 8433K, capacity 8945K, committed 9472K, reserved 1048576K
Event: 2227.598 GC heap after
Heap after GC invocations=39 (full 7):
 PSYoungGen      total 242176K, used 30194K [0x00000000eab00000, 0x00000000fc980000, 0x0000000100000000)
  eden space 211968K, 0% used [0x00000000eab00000,0x00000000eab00000,0x00000000f7a00000)
  from space 30208K, 99% used [0x00000000f9f00000,0x00000000fbc7c890,0x00000000fbc80000)
  to   space 37888K, 0% used [0x00000000f7a00000,0x00000000f7a00000,0x00000000f9f00000)
 ParOldGen       total 86528K, used 39556K [0x00000000c0000000, 0x00000000c5480000, 0x00000000eab00000)
  object space 86528K, 45% used [0x00000000c0000000,0x00000000c26a1120,0x00000000c5480000)
 Metaspace       used 64607K, capacity 67194K, committed 69120K, reserved 1110016K
  class space    used 8433K, capacity 8945K, committed 9472K, reserved 1048576K
}
Event: 2273.571 GC heap before
{Heap before GC invocations=40 (full 7):
 PSYoungGen      total 242176K, used 242162K [0x00000000eab00000, 0x00000000fc980000, 0x0000000100000000)
  eden space 211968K, 100% used [0x00000000eab00000,0x00000000f7a00000,0x00000000f7a00000)
  from space 30208K, 99% used [0x00000000f9f00000,0x00000000fbc7c890,0x00000000fbc80000)
  to   space 37888K, 0% used [0x00000000f7a00000,0x00000000f7a00000,0x00000000f9f00000)
 ParOldGen       total 86528K, used 39556K [0x00000000c0000000, 0x00000000c5480000, 0x00000000eab00000)
  object space 86528K, 45% used [0x00000000c0000000,0x00000000c26a1120,0x00000000c5480000)
 Metaspace       used 64723K, capacity 67444K, committed 69376K, reserved 1110016K
  class space    used 8456K, capacity 8980K, committed 9472K, reserved 1048576K
Event: 2275.589 GC heap after
Heap after GC invocations=40 (full 7):
 PSYoungGen      total 249856K, used 36394K [0x00000000eab00000, 0x00000000ff600000, 0x0000000100000000)
  eden space 211968K, 0% used [0x00000000eab00000,0x00000000eab00000,0x00000000f7a00000)
  from space 37888K, 96% used [0x00000000f7a00000,0x00000000f9d8a8a0,0x00000000f9f00000)
  to   space 43520K, 0% used [0x00000000fcb80000,0x00000000fcb80000,0x00000000ff600000)
 ParOldGen       total 86528K, used 39556K [0x00000000c0000000, 0x00000000c5480000, 0x00000000eab00000)
  object space 86528K, 45% used [0x00000000c0000000,0x00000000c26a1120,0x00000000c5480000)
 Metaspace       used 64723K, capacity 67444K, committed 69376K, reserved 1110016K
  class space    used 8456K, capacity 8980K, committed 9472K, reserved 1048576K
}
Event: 2346.709 GC heap before
{Heap before GC invocations=41 (full 7):
 PSYoungGen      total 249856K, used 248362K [0x00000000eab00000, 0x00000000ff600000, 0x0000000100000000)
  eden space 211968K, 100% used [0x00000000eab00000,0x00000000f7a00000,0x00000000f7a00000)
  from space 37888K, 96% used [0x00000000f7a00000,0x00000000f9d8a8a0,0x00000000f9f00000)
  to   space 43520K, 0% used [0x00000000fcb80000,0x00000000fcb80000,0x00000000ff600000)
 ParOldGen       total 86528K, used 39556K [0x00000000c0000000, 0x00000000c5480000, 0x00000000eab00000)
  object space 86528K, 45% used [0x00000000c0000000,0x00000000c26a1120,0x00000000c5480000)
 Metaspace       used 65077K, capacity 68056K, committed 69632K, reserved 1110016K
  class space    used 8490K, capacity 9068K, committed 9472K, reserved 1048576K
Event: 2346.751 GC heap after
Heap after GC invocations=41 (full 7):
 PSYoungGen      total 290304K, used 28613K [0x00000000eab00000, 0x00000000ff500000, 0x0000000100000000)
  eden space 247808K, 0% used [0x00000000eab00000,0x00000000eab00000,0x00000000f9d00000)
  from space 42496K, 67% used [0x00000000fcb80000,0x00000000fe7717d8,0x00000000ff500000)
  to   space 45056K, 0% used [0x00000000f9d00000,0x00000000f9d00000,0x00000000fc900000)
 ParOldGen       total 86528K, used 39556K [0x00000000c0000000, 0x00000000c5480000, 0x00000000eab00000)
  object space 86528K, 45% used [0x00000000c0000000,0x00000000c26a1120,0x00000000c5480000)
 Metaspace       used 65077K, capacity 68056K, committed 69632K, reserved 1110016K
  class space    used 8490K, capacity 9068K, committed 9472K, reserved 1048576K
}
Event: 2367.393 GC heap before
{Heap before GC invocations=42 (full 7):
 PSYoungGen      total 290304K, used 99530K [0x00000000eab00000, 0x00000000ff500000, 0x0000000100000000)
  eden space 247808K, 28% used [0x00000000eab00000,0x00000000ef0410e8,0x00000000f9d00000)
  from space 42496K, 67% used [0x00000000fcb80000,0x00000000fe7717d8,0x00000000ff500000)
  to   space 45056K, 0% used [0x00000000f9d00000,0x00000000f9d00000,0x00000000fc900000)
 ParOldGen       total 86528K, used 39556K [0x00000000c0000000, 0x00000000c5480000, 0x00000000eab00000)
  object space 86528K, 45% used [0x00000000c0000000,0x00000000c26a1120,0x00000000c5480000)
 Metaspace       used 65165K, capacity 68196K, committed 69632K, reserved 1110016K
  class space    used 8492K, capacity 9070K, committed 9472K, reserved 1048576K
Event: 2367.429 GC heap after
Heap after GC invocations=42 (full 7):
 PSYoungGen      total 271360K, used 23226K [0x00000000eab00000, 0x00000000ff300000, 0x0000000100000000)
  eden space 247808K, 0% used [0x00000000eab00000,0x00000000eab00000,0x00000000f9d00000)
  from space 23552K, 98% used [0x00000000f9d00000,0x00000000fb3aebb0,0x00000000fb400000)
  to   space 44032K, 0% used [0x00000000fc800000,0x00000000fc800000,0x00000000ff300000)
 ParOldGen       total 86528K, used 39556K [0x00000000c0000000, 0x00000000c5480000, 0x00000000eab00000)
  object space 86528K, 45% used [0x00000000c0000000,0x00000000c26a1120,0x00000000c5480000)
 Metaspace       used 65165K, capacity 68196K, committed 69632K, reserved 1110016K
  class space    used 8492K, capacity 9070K, committed 9472K, reserved 1048576K
}
Event: 2367.429 GC heap before
{Heap before GC invocations=43 (full 8):
 PSYoungGen      total 271360K, used 23226K [0x00000000eab00000, 0x00000000ff300000, 0x0000000100000000)
  eden space 247808K, 0% used [0x00000000eab00000,0x00000000eab00000,0x00000000f9d00000)
  from space 23552K, 98% used [0x00000000f9d00000,0x00000000fb3aebb0,0x00000000fb400000)
  to   space 44032K, 0% used [0x00000000fc800000,0x00000000fc800000,0x00000000ff300000)
 ParOldGen       total 86528K, used 39556K [0x00000000c0000000, 0x00000000c5480000, 0x00000000eab00000)
  object space 86528K, 45% used [0x00000000c0000000,0x00000000c26a1120,0x00000000c5480000)
 Metaspace       used 65165K, capacity 68196K, committed 69632K, reserved 1110016K
  class space    used 8492K, capacity 9070K, committed 9472K, reserved 1048576K
Event: 2367.764 GC heap after
Heap after GC invocations=43 (full 8):
 PSYoungGen      total 271360K, used 0K [0x00000000eab00000, 0x00000000ff300000, 0x0000000100000000)
  eden space 247808K, 0% used [0x00000000eab00000,0x00000000eab00000,0x00000000f9d00000)
  from space 23552K, 0% used [0x00000000f9d00000,0x00000000f9d00000,0x00000000fb400000)
  to   space 44032K, 0% used [0x00000000fc800000,0x00000000fc800000,0x00000000ff300000)
 ParOldGen       total 86528K, used 49908K [0x00000000c0000000, 0x00000000c5480000, 0x00000000eab00000)
  object space 86528K, 57% used [0x00000000c0000000,0x00000000c30bd078,0x00000000c5480000)
 Metaspace       used 65145K, capacity 68174K, committed 69632K, reserved 1110016K
  class space    used 8486K, capacity 9064K, committed 9472K, reserved 1048576K
}

